<?xml version="1.0" encoding="UTF-8"?>
<!-- Generated by org.testng.reporters.JUnitReportReporter -->
<testsuite hostname="Hemanth" failures="0" tests="1" name="test_scripts.Logintest" time="81.050" errors="0" timestamp="2022-07-13T20:20:55 IST" skipped="0">
  <testcase classname="test_scripts.Logintest" name="test" time="81.050"/>
  <system-out/>
</testsuite> <!-- test_scripts.Logintest -->
